2026-03-13 15:16:00,967  INFO      Log file: /mnt/primary/QE audit/rankllm/results/logs/approach_1a_20260313_151600.log
2026-03-13 15:16:00,996  INFO      Loaded 43 queries, 26 labelled
2026-03-13 15:16:00,996  INFO      
============================================================
Zero-shot NLI: facebook/bart-large-mnli
============================================================
2026-03-13 15:16:03,853  INFO      Loading zero-shot pipeline: facebook/bart-large-mnli
2026-03-13 15:18:37,440  INFO        qid=19335: benefit=0.811, hurt=0.189
2026-03-13 15:18:37,465  INFO        qid=47923: benefit=0.689, hurt=0.311
2026-03-13 15:18:37,488  INFO        qid=87181: benefit=0.401, hurt=0.599
2026-03-13 15:18:37,510  INFO        qid=87452: benefit=0.482, hurt=0.518
2026-03-13 15:18:37,533  INFO        qid=104861: benefit=0.775, hurt=0.225
2026-03-13 15:18:37,555  INFO        qid=130510: benefit=0.679, hurt=0.321
2026-03-13 15:18:37,578  INFO        qid=131843: benefit=0.728, hurt=0.272
2026-03-13 15:18:37,600  INFO        qid=146187: benefit=0.857, hurt=0.143
2026-03-13 15:18:37,623  INFO        qid=148538: benefit=0.754, hurt=0.246
2026-03-13 15:18:37,649  INFO        qid=156493: benefit=0.904, hurt=0.096
2026-03-13 15:18:37,675  INFO        qid=168216: benefit=0.893, hurt=0.107
2026-03-13 15:18:37,699  INFO        qid=182539: benefit=0.655, hurt=0.345
2026-03-13 15:18:37,724  INFO        qid=183378: benefit=0.745, hurt=0.255
2026-03-13 15:18:37,749  INFO        qid=207786: benefit=0.904, hurt=0.096
2026-03-13 15:18:37,777  INFO        qid=264014: benefit=0.928, hurt=0.072
2026-03-13 15:18:37,807  INFO        qid=359349: benefit=0.920, hurt=0.080
2026-03-13 15:18:37,838  INFO        qid=405717: benefit=0.882, hurt=0.118
2026-03-13 15:18:37,869  INFO        qid=443396: benefit=0.579, hurt=0.421
2026-03-13 15:18:37,898  INFO        qid=451602: benefit=0.793, hurt=0.207
2026-03-13 15:18:37,928  INFO        qid=489204: benefit=0.559, hurt=0.441
2026-03-13 15:18:37,957  INFO        qid=490595: benefit=0.708, hurt=0.292
2026-03-13 15:18:37,984  INFO        qid=527433: benefit=0.803, hurt=0.197
2026-03-13 15:18:38,008  INFO        qid=573724: benefit=0.906, hurt=0.094
2026-03-13 15:18:38,032  INFO        qid=833860: benefit=0.928, hurt=0.072
2026-03-13 15:18:38,055  INFO        qid=855410: benefit=0.891, hurt=0.109
2026-03-13 15:18:38,078  INFO        qid=915593: benefit=0.922, hurt=0.078
2026-03-13 15:18:38,104  INFO        qid=962179: benefit=0.916, hurt=0.084
2026-03-13 15:18:38,135  INFO        qid=1037798: benefit=0.880, hurt=0.120
2026-03-13 15:18:38,158  INFO        qid=1063750: benefit=0.733, hurt=0.267
2026-03-13 15:18:38,180  INFO        qid=1103812: benefit=0.788, hurt=0.212
2026-03-13 15:18:38,203  INFO        qid=1106007: benefit=0.921, hurt=0.079
2026-03-13 15:18:38,235  INFO        qid=1110199: benefit=0.944, hurt=0.056
2026-03-13 15:18:38,264  INFO        qid=1112341: benefit=0.910, hurt=0.090
2026-03-13 15:18:38,294  INFO        qid=1113437: benefit=0.943, hurt=0.057
2026-03-13 15:18:38,324  INFO        qid=1114646: benefit=0.892, hurt=0.108
2026-03-13 15:18:38,354  INFO        qid=1114819: benefit=0.929, hurt=0.071
2026-03-13 15:18:38,384  INFO        qid=1115776: benefit=0.909, hurt=0.091
2026-03-13 15:18:38,415  INFO        qid=1117099: benefit=0.722, hurt=0.278
2026-03-13 15:18:38,444  INFO        qid=1121402: benefit=0.858, hurt=0.142
2026-03-13 15:18:38,467  INFO        qid=1121709: benefit=0.911, hurt=0.089
2026-03-13 15:18:38,490  INFO        qid=1124210: benefit=0.786, hurt=0.214
2026-03-13 15:18:38,512  INFO        qid=1129237: benefit=0.825, hurt=0.175
2026-03-13 15:18:38,534  INFO        qid=1133167: benefit=0.895, hurt=0.105
2026-03-13 15:18:39,138  INFO        ZeroShot-bart-large-mnli: acc=0.5, auc=0.5536, gamma=0.1071, rho=-0.145
2026-03-13 15:18:39,138  INFO      
============================================================
Zero-shot NLI: MoritzLaurer/DeBERTa-v3-base-mnli-fever-anli
============================================================
2026-03-13 15:18:39,139  INFO      Loading zero-shot pipeline: MoritzLaurer/DeBERTa-v3-base-mnli-fever-anli
2026-03-13 15:19:22,488  INFO        qid=19335: benefit=0.615, hurt=0.385
2026-03-13 15:19:22,767  INFO        qid=47923: benefit=0.720, hurt=0.280
2026-03-13 15:19:22,790  INFO        qid=87181: benefit=0.661, hurt=0.339
2026-03-13 15:19:22,813  INFO        qid=87452: benefit=0.524, hurt=0.476
2026-03-13 15:19:22,836  INFO        qid=104861: benefit=0.554, hurt=0.446
2026-03-13 15:19:22,859  INFO        qid=130510: benefit=0.531, hurt=0.469
2026-03-13 15:19:22,882  INFO        qid=131843: benefit=0.591, hurt=0.409
2026-03-13 15:19:22,906  INFO        qid=146187: benefit=0.704, hurt=0.296
2026-03-13 15:19:22,937  INFO        qid=148538: benefit=0.721, hurt=0.279
2026-03-13 15:19:22,966  INFO        qid=156493: benefit=0.747, hurt=0.253
2026-03-13 15:19:23,003  INFO        qid=168216: benefit=0.613, hurt=0.387
2026-03-13 15:19:23,033  INFO        qid=182539: benefit=0.556, hurt=0.444
2026-03-13 15:19:23,061  INFO        qid=183378: benefit=0.658, hurt=0.342
2026-03-13 15:19:23,091  INFO        qid=207786: benefit=0.640, hurt=0.360
2026-03-13 15:19:23,121  INFO        qid=264014: benefit=0.650, hurt=0.350
2026-03-13 15:19:23,153  INFO        qid=359349: benefit=0.771, hurt=0.229
2026-03-13 15:19:23,190  INFO        qid=405717: benefit=0.692, hurt=0.308
2026-03-13 15:19:23,221  INFO        qid=443396: benefit=0.596, hurt=0.404
2026-03-13 15:19:23,252  INFO        qid=451602: benefit=0.636, hurt=0.364
2026-03-13 15:19:23,282  INFO        qid=489204: benefit=0.630, hurt=0.370
2026-03-13 15:19:23,314  INFO        qid=490595: benefit=0.637, hurt=0.363
2026-03-13 15:19:23,341  INFO        qid=527433: benefit=0.567, hurt=0.433
2026-03-13 15:19:23,365  INFO        qid=573724: benefit=0.647, hurt=0.353
2026-03-13 15:19:23,388  INFO        qid=833860: benefit=0.694, hurt=0.306
2026-03-13 15:19:23,411  INFO        qid=855410: benefit=0.676, hurt=0.324
2026-03-13 15:19:23,435  INFO        qid=915593: benefit=0.929, hurt=0.071
2026-03-13 15:19:23,461  INFO        qid=962179: benefit=0.552, hurt=0.448
2026-03-13 15:19:23,492  INFO        qid=1037798: benefit=0.634, hurt=0.366
2026-03-13 15:19:23,517  INFO        qid=1063750: benefit=0.604, hurt=0.396
2026-03-13 15:19:23,542  INFO        qid=1103812: benefit=0.667, hurt=0.333
2026-03-13 15:19:23,566  INFO        qid=1106007: benefit=0.620, hurt=0.380
2026-03-13 15:19:23,595  INFO        qid=1110199: benefit=0.666, hurt=0.334
2026-03-13 15:19:23,626  INFO        qid=1112341: benefit=0.771, hurt=0.229
2026-03-13 15:19:23,659  INFO        qid=1113437: benefit=0.708, hurt=0.292
2026-03-13 15:19:23,690  INFO        qid=1114646: benefit=0.620, hurt=0.380
2026-03-13 15:19:23,722  INFO        qid=1114819: benefit=0.661, hurt=0.339
2026-03-13 15:19:23,753  INFO        qid=1115776: benefit=0.606, hurt=0.394
2026-03-13 15:19:23,784  INFO        qid=1117099: benefit=0.654, hurt=0.346
2026-03-13 15:19:23,818  INFO        qid=1121402: benefit=0.451, hurt=0.549
2026-03-13 15:19:23,850  INFO        qid=1121709: benefit=0.618, hurt=0.382
2026-03-13 15:19:23,881  INFO        qid=1124210: benefit=0.738, hurt=0.262
2026-03-13 15:19:23,906  INFO        qid=1129237: benefit=0.553, hurt=0.447
2026-03-13 15:19:23,930  INFO        qid=1133167: benefit=0.781, hurt=0.219
2026-03-13 15:19:24,590  INFO        ZeroShot-DeBERTa-v3-base-mnli-fever-anli: acc=0.3462, auc=0.3631, gamma=-0.2738, rho=-0.1857
2026-03-13 15:19:24,590  INFO      
============================================================
Embedding features
============================================================
2026-03-13 15:19:25,123  INFO      Loading sentence-transformer: all-MiniLM-L6-v2
2026-03-13 15:19:35,888  INFO        Emb-emb_norm: acc=0.5769, auc=0.5833, gamma=0.3333, rho=0.0571
2026-03-13 15:19:36,496  INFO        Emb-term_sim_mean: acc=0.6923, auc=0.7738, gamma=0.5476, rho=0.6049
2026-03-13 15:19:37,094  INFO        Emb-term_sim_std: acc=0.1923, auc=0.3155, gamma=-0.369, rho=-0.1463
2026-03-13 15:19:37,894  INFO        Emb-n_terms: acc=0.7308, auc=0.8214, gamma=0.75, rho=0.57
2026-03-13 15:19:37,894  INFO      
============================================================
NER features
============================================================
2026-03-13 15:19:38,416  INFO      Loading spaCy en_core_web_sm
2026-03-13 15:19:39,671  INFO        NER-n_entities: acc=0.5385, auc=0.5238, gamma=0.1111, rho=0.1445
2026-03-13 15:19:40,250  INFO        NER-entity_ratio: acc=0.5769, auc=0.5476, gamma=0.186, rho=0.2247
2026-03-13 15:19:40,376  INFO      Saved features → /mnt/primary/QE audit/rankllm/results/classifier/approach_1a_features.csv
2026-03-13 15:19:40,390  INFO      Saved results → /mnt/primary/QE audit/rankllm/results/classifier/approach_1a_results.csv
2026-03-13 15:19:42,165  INFO      
============================================================
Approach 1a Summary
============================================================
2026-03-13 15:19:42,170  INFO      
                             method_name    acc    auc   gamma     rho
                ZeroShot-bart-large-mnli 0.5000 0.5536  0.1071 -0.1450
ZeroShot-DeBERTa-v3-base-mnli-fever-anli 0.3462 0.3631 -0.2738 -0.1857
                            Emb-emb_norm 0.5769 0.5833  0.3333  0.0571
                       Emb-term_sim_mean 0.6923 0.7738  0.5476  0.6049
                        Emb-term_sim_std 0.1923 0.3155 -0.3690 -0.1463
                             Emb-n_terms 0.7308 0.8214  0.7500  0.5700
                          NER-n_entities 0.5385 0.5238  0.1111  0.1445
                        NER-entity_ratio 0.5769 0.5476  0.1860  0.2247
