2026-03-07 13:47:11,477  INFO      Log file: /mnt/primary/QE audit/rankllm/results/logs/posthoc_Setwise-RankZephyr-7B_20260307_134711.log
2026-03-07 13:47:11,477  INFO      ============================================================
2026-03-07 13:47:11,477  INFO      Model config: Setwise-RankZephyr-7B
2026-03-07 13:47:11,477  INFO        method : setwise
2026-03-07 13:47:11,477  INFO        model  : castorini/rank_zephyr_7b_v1_full
2026-03-07 13:47:11,477  INFO        lora   : None
2026-03-07 13:47:11,477  INFO        prompt : base
2026-03-07 13:47:11,477  INFO      ============================================================
2026-03-07 13:47:11,517  INFO      Queries: 43 (labels=43, interleaved=43)
2026-03-07 13:47:11,521  INFO      Ranker created in 0.0s
2026-03-07 13:49:58,641  INFO      qid=19335: DCG=0.5287, MRR=0.5616, Maj@k=0.6667
2026-03-07 13:50:03,189  INFO      qid=47923: DCG=0.5840, MRR=0.6667, Maj@k=1.0000
2026-03-07 13:50:07,852  INFO      qid=87181: DCG=0.5256, MRR=0.5556, Maj@k=0.5000
2026-03-07 13:50:12,571  INFO      qid=87452: DCG=0.5285, MRR=0.5600, Maj@k=0.5000
2026-03-07 13:50:17,125  INFO      qid=104861: DCG=0.4746, MRR=0.4448, Maj@k=0.3333
2026-03-07 13:50:21,468  INFO      qid=130510: DCG=0.5268, MRR=0.5556, Maj@k=0.3333
2026-03-07 13:50:26,165  INFO      qid=131843: DCG=0.5299, MRR=0.5614, Maj@k=0.6667
2026-03-07 13:50:30,890  INFO      qid=146187: DCG=0.5147, MRR=0.5333, Maj@k=0.3333
2026-03-07 13:50:35,587  INFO      qid=148538: DCG=0.5372, MRR=0.5758, Maj@k=0.6667
2026-03-07 13:50:40,181  INFO      qid=156493: DCG=0.5372, MRR=0.5714, Maj@k=0.5000
2026-03-07 13:50:44,967  INFO      qid=168216: DCG=0.6035, MRR=0.6944, Maj@k=0.6667
2026-03-07 13:50:49,671  INFO      qid=182539: DCG=0.5897, MRR=0.6667, Maj@k=0.6667
2026-03-07 13:50:54,373  INFO      qid=183378: DCG=0.5053, MRR=0.5152, Maj@k=0.3333
2026-03-07 13:50:59,063  INFO      qid=207786: DCG=0.5288, MRR=0.5605, Maj@k=0.5000
2026-03-07 13:51:03,735  INFO      qid=264014: DCG=0.5254, MRR=0.5552, Maj@k=0.6667
2026-03-07 13:51:08,525  INFO      qid=359349: DCG=0.5602, MRR=0.6117, Maj@k=0.6667
2026-03-07 13:51:13,267  INFO      qid=405717: DCG=0.5536, MRR=0.6000, Maj@k=0.6667
2026-03-07 13:51:17,966  INFO      qid=443396: DCG=0.5254, MRR=0.5552, Maj@k=0.6667
2026-03-07 13:51:22,527  INFO      qid=451602: DCG=0.5254, MRR=0.5552, Maj@k=0.6667
2026-03-07 13:51:27,135  INFO      qid=489204: DCG=0.5705, MRR=0.6431, Maj@k=0.6667
2026-03-07 13:51:31,817  INFO      qid=490595: DCG=0.5528, MRR=0.6032, Maj@k=0.7500
2026-03-07 13:51:36,630  INFO      qid=527433: DCG=0.5372, MRR=0.5758, Maj@k=0.6667
2026-03-07 13:51:41,130  INFO      qid=573724: DCG=0.5077, MRR=0.5216, Maj@k=0.5000
2026-03-07 13:51:45,759  INFO      qid=833860: DCG=0.4857, MRR=0.4667, Maj@k=0.5000
2026-03-07 13:52:42,236  INFO      qid=855410: DCG=0.5299, MRR=0.5614, Maj@k=0.6667
2026-03-07 13:52:46,954  INFO      qid=915593: DCG=0.5299, MRR=0.5614, Maj@k=0.6667
2026-03-07 13:52:51,609  INFO      qid=962179: DCG=0.5375, MRR=0.5755, Maj@k=0.5000
2026-03-07 13:52:56,274  INFO      qid=1037798: DCG=0.5375, MRR=0.5755, Maj@k=0.5000
2026-03-07 13:53:01,174  INFO      qid=1063750: DCG=0.4058, MRR=0.3231, Maj@k=0.5000
2026-03-07 13:53:06,679  INFO      qid=1103812: DCG=0.5579, MRR=0.6000, Maj@k=0.5000
2026-03-07 13:53:11,237  INFO      qid=1106007: DCG=0.5299, MRR=0.5614, Maj@k=0.6667
2026-03-07 13:53:15,813  INFO      qid=1110199: DCG=0.5371, MRR=0.5756, Maj@k=0.5000
2026-03-07 13:54:11,125  INFO      qid=1112341: DCG=0.4593, MRR=0.4218, Maj@k=0.6000
2026-03-07 13:54:15,989  INFO      qid=1113437: DCG=0.4746, MRR=0.4448, Maj@k=0.3333
2026-03-07 13:54:20,590  INFO      qid=1114646: DCG=0.5498, MRR=0.5951, Maj@k=0.6667
2026-03-07 13:54:25,203  INFO      qid=1114819: DCG=0.4362, MRR=0.3702, Maj@k=0.3333
2026-03-07 13:54:29,702  INFO      qid=1115776: DCG=0.5299, MRR=0.5614, Maj@k=0.6667
2026-03-07 13:54:34,257  INFO      qid=1117099: DCG=0.5536, MRR=0.6000, Maj@k=0.6667
2026-03-07 13:54:38,948  INFO      qid=1121402: DCG=nan, MRR=nan, Maj@k=nan
2026-03-07 13:54:43,583  INFO      qid=1121709: DCG=0.5943, MRR=0.6667, Maj@k=0.5000
2026-03-07 13:54:48,313  INFO      qid=1124210: DCG=0.3874, MRR=0.2821, Maj@k=0.3333
2026-03-07 13:54:52,999  INFO      qid=1129237: DCG=0.5602, MRR=0.6117, Maj@k=0.6667
2026-03-07 13:54:57,703  INFO      qid=1133167: DCG=0.5302, MRR=0.5641, Maj@k=0.5000
2026-03-07 13:54:57,704  INFO      Reranked 43 queries in 466.2s total
2026-03-07 13:54:57,709  INFO      Saved per-query scores → /mnt/primary/QE audit/rankllm/results/posthoc/Setwise-RankZephyr-7B_scores.csv
2026-03-07 13:55:00,550  INFO        Setwise-RankZephyr-7B-DCG: TPR_H=0.0714, TPR_B=0.0, Acc=0.0385, AUC=0.4821, Gamma=-0.0422 (p=0.7826), Rho=0.0136 (p=0.9327)
2026-03-07 13:55:03,340  INFO        Setwise-RankZephyr-7B-MRR: TPR_H=0.1429, TPR_B=0.6667, Acc=0.3846, AUC=0.5089, Gamma=-0.0166 (p=0.9186), Rho=0.0359 (p=0.8234)
2026-03-07 13:55:05,778  INFO        Setwise-RankZephyr-7B-Majority@k: TPR_H=0.0714, TPR_B=0.5833, Acc=0.3077, AUC=0.4673, Gamma=-0.0847 (p=0.6817), Rho=-0.0115 (p=0.9432)
2026-03-07 13:55:05,778  INFO      === Setwise-RankZephyr-7B COMPLETE ===

