2026-02-28 14:36:10,837  INFO      Log file: /mnt/primary/QE audit/rankllm/results/logs/run_setwise_20260228_143610.log
2026-02-28 14:36:10,856  INFO      Running Rank-R1 setwise reranking for 4 models
2026-02-28 14:36:10,921  INFO      Loading Rank-R1 model: 7b (ielabgroup/Rank-R1-7B-v0.1)
2026-02-28 14:37:35,441  INFO      qid=19335  DCG=0.5323  drift=0.0015  len_ratio=1.0000
2026-02-28 14:38:31,543  INFO      qid=47923  DCG=0.4697  drift=0.0016  len_ratio=1.0000
2026-02-28 14:39:24,251  INFO      qid=87181  DCG=0.5650  drift=0.0000  len_ratio=1.0000
2026-02-28 14:40:31,923  INFO      qid=87452  DCG=0.5325  drift=0.0000  len_ratio=1.0000
2026-02-28 14:41:21,295  INFO      qid=104861  DCG=0.4424  drift=0.0016  len_ratio=1.0000
2026-02-28 14:42:11,915  INFO      qid=130510  DCG=0.5388  drift=0.0000  len_ratio=1.0000
2026-02-28 14:43:00,242  INFO      qid=131843  DCG=0.5465  drift=0.0018  len_ratio=1.0000
2026-02-28 14:43:52,207  INFO      qid=146187  DCG=0.4375  drift=0.0000  len_ratio=1.0000
2026-02-28 14:44:42,241  INFO      qid=148538  DCG=0.3350  drift=0.0000  len_ratio=1.0000
2026-02-28 14:45:41,510  INFO      qid=156493  DCG=0.6131  drift=0.0000  len_ratio=1.0000
2026-02-28 14:46:40,403  INFO      qid=168216  DCG=0.3966  drift=0.0000  len_ratio=1.0000
2026-02-28 14:47:28,871  INFO      qid=182539  DCG=0.5286  drift=0.0000  len_ratio=1.0000
2026-02-28 14:48:19,726  INFO      qid=183378  DCG=0.4387  drift=0.0000  len_ratio=1.0000
2026-02-28 14:49:16,383  INFO      qid=207786  DCG=0.4799  drift=0.0000  len_ratio=1.0000
2026-02-28 14:50:04,488  INFO      qid=264014  DCG=0.4625  drift=0.0000  len_ratio=1.0000
2026-02-28 14:50:56,399  INFO      qid=359349  DCG=0.3528  drift=0.0000  len_ratio=1.0000
2026-02-28 14:51:51,208  INFO      qid=405717  DCG=0.5280  drift=0.0000  len_ratio=1.0000
2026-02-28 14:52:47,643  INFO      qid=443396  DCG=0.5352  drift=0.0017  len_ratio=1.0000
2026-02-28 14:53:33,489  INFO      qid=451602  DCG=0.3987  drift=0.0018  len_ratio=1.0000
2026-02-28 14:54:33,971  INFO      qid=489204  DCG=0.5173  drift=0.0000  len_ratio=1.0000
2026-02-28 14:55:31,744  INFO      qid=490595  DCG=0.4647  drift=0.0000  len_ratio=1.0000
2026-02-28 14:56:38,418  INFO      qid=527433  DCG=0.5388  drift=0.0000  len_ratio=1.0000
2026-02-28 14:57:27,601  INFO      qid=573724  DCG=0.4107  drift=0.0000  len_ratio=1.0000
2026-02-28 14:58:18,628  INFO      qid=833860  DCG=0.4589  drift=0.0000  len_ratio=1.0000
2026-02-28 14:59:07,653  INFO      qid=855410  DCG=0.5284  drift=0.0000  len_ratio=1.0000
2026-02-28 14:59:58,549  INFO      qid=915593  DCG=0.4393  drift=0.0000  len_ratio=1.0000
2026-02-28 15:00:52,439  INFO      qid=962179  DCG=0.4331  drift=0.0000  len_ratio=1.0000
2026-02-28 15:01:42,446  INFO      qid=1037798  DCG=0.5811  drift=0.0000  len_ratio=1.0000
2026-02-28 15:02:35,103  INFO      qid=1063750  DCG=0.4361  drift=0.0000  len_ratio=1.0000
2026-02-28 15:03:22,805  INFO      qid=1103812  DCG=0.4000  drift=0.0018  len_ratio=1.0000
2026-02-28 15:04:18,304  INFO      qid=1106007  DCG=0.6650  drift=0.0016  len_ratio=1.0000
2026-02-28 15:05:16,969  INFO      qid=1110199  DCG=0.6827  drift=0.0000  len_ratio=1.0000
2026-02-28 15:06:19,854  INFO      qid=1112341  DCG=0.3201  drift=0.0000  len_ratio=1.0000
2026-02-28 15:07:08,766  INFO      qid=1113437  DCG=0.5275  drift=0.0000  len_ratio=1.0000
2026-02-28 15:08:02,915  INFO      qid=1114646  DCG=0.6228  drift=0.0018  len_ratio=1.0000
2026-02-28 15:08:58,556  INFO      qid=1114819  DCG=0.5804  drift=0.0000  len_ratio=1.0000
2026-02-28 15:09:53,719  INFO      qid=1115776  DCG=0.4374  drift=0.0015  len_ratio=1.0000
2026-02-28 15:10:50,569  INFO      qid=1117099  DCG=0.4502  drift=0.0000  len_ratio=1.0000
2026-02-28 15:11:42,032  INFO      qid=1121402  DCG=nan  drift=0.0000  len_ratio=0.0000
2026-02-28 15:12:38,250  INFO      qid=1121709  DCG=0.5508  drift=0.0000  len_ratio=1.0000
2026-02-28 15:13:30,366  INFO      qid=1124210  DCG=0.4156  drift=0.0000  len_ratio=1.0000
2026-02-28 15:14:18,627  INFO      qid=1129237  DCG=0.6618  drift=0.0000  len_ratio=1.0000
2026-02-28 15:15:20,977  INFO      qid=1133167  DCG=0.5426  drift=0.0000  len_ratio=1.0000
2026-02-28 15:15:23,903  INFO      R1-7b-DCG — Acc=0.4615  AUC=0.8274
2026-02-28 15:15:24,083  INFO      Loading Rank-R1 model: 14b (ielabgroup/Rank-R1-14B-v0.1)
2026-02-28 15:17:17,132  INFO      qid=19335  DCG=0.5551  drift=0.0000  len_ratio=1.0000
2026-02-28 15:19:10,798  INFO      qid=47923  DCG=0.2398  drift=0.0012  len_ratio=1.0000
2026-02-28 15:20:59,075  INFO      qid=87181  DCG=0.5803  drift=0.0000  len_ratio=1.0000
2026-02-28 15:23:27,225  INFO      qid=87452  DCG=0.4215  drift=0.0000  len_ratio=1.0000
2026-02-28 15:25:17,457  INFO      qid=104861  DCG=0.4664  drift=0.0012  len_ratio=1.0000
2026-02-28 15:27:13,671  INFO      qid=130510  DCG=0.5607  drift=0.0000  len_ratio=1.0000
2026-02-28 15:28:38,189  INFO      qid=131843  DCG=0.5465  drift=0.0017  len_ratio=1.0000
2026-02-28 15:29:53,942  INFO      qid=146187  DCG=0.4595  drift=0.0000  len_ratio=1.0000
2026-02-28 15:31:43,657  INFO      qid=148538  DCG=0.4690  drift=0.0000  len_ratio=1.0000
2026-02-28 15:33:09,260  INFO      qid=156493  DCG=0.6131  drift=0.0000  len_ratio=1.0000
2026-02-28 15:34:34,285  INFO      qid=168216  DCG=0.2972  drift=0.0000  len_ratio=1.0000
2026-02-28 15:36:48,953  INFO      qid=182539  DCG=0.5422  drift=0.0010  len_ratio=1.0000
2026-02-28 15:38:42,365  INFO      qid=183378  DCG=0.4259  drift=0.0000  len_ratio=1.0000
2026-02-28 15:40:35,071  INFO      qid=207786  DCG=0.6274  drift=0.0000  len_ratio=1.0000
2026-02-28 15:42:41,617  INFO      qid=264014  DCG=0.6644  drift=0.0000  len_ratio=1.0000
2026-02-28 15:44:29,908  INFO      qid=359349  DCG=0.4144  drift=0.0000  len_ratio=1.0000
2026-02-28 15:45:54,613  INFO      qid=405717  DCG=0.5537  drift=0.0000  len_ratio=1.0000
2026-02-28 15:47:55,182  INFO      qid=443396  DCG=0.5352  drift=0.0012  len_ratio=1.0000
2026-02-28 15:49:24,442  INFO      qid=451602  DCG=0.5600  drift=0.0030  len_ratio=1.0000
2026-02-28 15:51:17,169  INFO      qid=489204  DCG=0.4809  drift=0.0000  len_ratio=1.0000
2026-02-28 15:52:47,259  INFO      qid=490595  DCG=0.3206  drift=0.0000  len_ratio=1.0000
2026-02-28 15:54:53,991  INFO      qid=527433  DCG=0.4786  drift=0.0000  len_ratio=1.0000
2026-02-28 15:56:23,967  INFO      qid=573724  DCG=0.5271  drift=0.0000  len_ratio=1.0000
2026-02-28 15:58:03,120  INFO      qid=833860  DCG=0.6502  drift=0.0000  len_ratio=1.0000
2026-02-28 15:59:44,623  INFO      qid=855410  DCG=0.5425  drift=0.0028  len_ratio=1.0000
2026-02-28 16:01:41,018  INFO      qid=915593  DCG=0.4661  drift=0.0000  len_ratio=1.0000
2026-02-28 16:03:17,881  INFO      qid=962179  DCG=0.4325  drift=0.0000  len_ratio=1.0000
2026-02-28 16:04:58,726  INFO      qid=1037798  DCG=0.5811  drift=0.0026  len_ratio=1.0000
2026-02-28 16:06:47,947  INFO      qid=1063750  DCG=0.4170  drift=0.0035  len_ratio=1.0000
2026-02-28 16:08:13,500  INFO      qid=1103812  DCG=0.3230  drift=0.0016  len_ratio=1.0000
2026-02-28 16:10:18,699  INFO      qid=1106007  DCG=0.5210  drift=0.0011  len_ratio=1.0000
2026-02-28 16:12:15,055  INFO      qid=1110199  DCG=0.6365  drift=0.0000  len_ratio=1.0000
2026-02-28 16:14:08,153  INFO      qid=1112341  DCG=0.3201  drift=0.0000  len_ratio=1.0000
2026-02-28 16:16:19,498  INFO      qid=1113437  DCG=0.4803  drift=0.0000  len_ratio=1.0000
2026-02-28 16:18:08,560  INFO      qid=1114646  DCG=0.5947  drift=0.0013  len_ratio=1.0000
2026-02-28 16:19:28,820  INFO      qid=1114819  DCG=0.3522  drift=0.0000  len_ratio=1.0000
2026-02-28 16:21:06,887  INFO      qid=1115776  DCG=0.4256  drift=0.0000  len_ratio=1.0000
2026-02-28 16:22:59,434  INFO      qid=1117099  DCG=0.3468  drift=0.0000  len_ratio=1.0000
2026-02-28 16:24:36,090  INFO      qid=1121402  DCG=nan  drift=0.0000  len_ratio=0.0000
2026-02-28 16:26:13,386  INFO      qid=1121709  DCG=0.4000  drift=0.0000  len_ratio=1.0000
2026-02-28 16:27:57,384  INFO      qid=1124210  DCG=0.4015  drift=0.0000  len_ratio=1.0000
2026-02-28 16:29:50,733  INFO      qid=1129237  DCG=0.5782  drift=0.0000  len_ratio=1.0000
2026-02-28 16:31:42,015  INFO      qid=1133167  DCG=0.6656  drift=0.0000  len_ratio=1.0000
2026-02-28 16:31:45,085  INFO      R1-14b-DCG — Acc=0.4231  AUC=0.8512
2026-02-28 16:31:45,653  INFO      Loading Rank-R1 model: 7b-sft (ielabgroup/Setwise-SFT-7B-v0.1)
2026-02-28 16:32:45,108  INFO      qid=19335  DCG=0.5948  drift=0.0000  len_ratio=1.0000
2026-02-28 16:33:25,233  INFO      qid=47923  DCG=0.4228  drift=0.0000  len_ratio=1.0000
2026-02-28 16:34:00,655  INFO      qid=87181  DCG=0.4524  drift=0.0000  len_ratio=1.0000
2026-02-28 16:34:48,951  INFO      qid=87452  DCG=0.5102  drift=0.0000  len_ratio=1.0000
2026-02-28 16:35:31,342  INFO      qid=104861  DCG=0.4326  drift=0.0000  len_ratio=1.0000
2026-02-28 16:36:08,242  INFO      qid=130510  DCG=0.5388  drift=0.0000  len_ratio=1.0000
2026-02-28 16:36:47,423  INFO      qid=131843  DCG=0.5339  drift=0.0021  len_ratio=1.0000
2026-02-28 16:37:23,944  INFO      qid=146187  DCG=0.4375  drift=0.0000  len_ratio=1.0000
2026-02-28 16:38:04,380  INFO      qid=148538  DCG=0.4678  drift=0.0000  len_ratio=1.0000
2026-02-28 16:38:47,539  INFO      qid=156493  DCG=0.6131  drift=0.0000  len_ratio=1.0000
2026-02-28 16:39:33,047  INFO      qid=168216  DCG=0.3985  drift=0.0000  len_ratio=1.0000
2026-02-28 16:40:07,535  INFO      qid=182539  DCG=0.3434  drift=0.0000  len_ratio=1.0000
2026-02-28 16:40:44,547  INFO      qid=183378  DCG=0.3502  drift=0.0000  len_ratio=1.0000
2026-02-28 16:41:24,572  INFO      qid=207786  DCG=0.4457  drift=0.0000  len_ratio=1.0000
2026-02-28 16:42:05,348  INFO      qid=264014  DCG=0.3580  drift=0.0000  len_ratio=1.0000
2026-02-28 16:42:49,823  INFO      qid=359349  DCG=0.5333  drift=0.0000  len_ratio=1.0000
2026-02-28 16:43:35,949  INFO      qid=405717  DCG=0.5388  drift=0.0000  len_ratio=1.0000
2026-02-28 16:44:08,358  INFO      qid=443396  DCG=0.4691  drift=0.0000  len_ratio=1.0000
2026-02-28 16:44:46,556  INFO      qid=451602  DCG=0.4589  drift=0.0000  len_ratio=1.0000
2026-02-28 16:45:23,656  INFO      qid=489204  DCG=0.6372  drift=0.0000  len_ratio=1.0000
2026-02-28 16:46:04,163  INFO      qid=490595  DCG=0.4134  drift=0.0000  len_ratio=1.0000
2026-02-28 16:46:44,171  INFO      qid=527433  DCG=0.5143  drift=0.0000  len_ratio=1.0000
2026-02-28 16:47:27,348  INFO      qid=573724  DCG=0.5383  drift=0.0000  len_ratio=1.0000
2026-02-28 16:48:06,818  INFO      qid=833860  DCG=0.4582  drift=0.0000  len_ratio=1.0000
2026-02-28 16:48:48,754  INFO      qid=855410  DCG=0.5543  drift=0.0022  len_ratio=1.0000
2026-02-28 16:49:26,390  INFO      qid=915593  DCG=0.4311  drift=0.0000  len_ratio=1.0000
2026-02-28 16:50:07,228  INFO      qid=962179  DCG=0.4665  drift=0.0000  len_ratio=1.0000
2026-02-28 16:50:49,432  INFO      qid=1037798  DCG=0.6151  drift=0.0000  len_ratio=1.0000
2026-02-28 16:51:44,279  INFO      qid=1063750  DCG=0.3391  drift=0.0000  len_ratio=1.0000
2026-02-28 16:52:23,209  INFO      qid=1103812  DCG=0.4114  drift=0.0000  len_ratio=1.0000
2026-02-28 16:52:59,451  INFO      qid=1106007  DCG=0.5174  drift=0.0026  len_ratio=1.0000
2026-02-28 16:53:35,443  INFO      qid=1110199  DCG=0.6418  drift=0.0000  len_ratio=1.0000
2026-02-28 16:54:16,699  INFO      qid=1112341  DCG=0.3293  drift=0.0000  len_ratio=1.0000
2026-02-28 16:54:52,426  INFO      qid=1113437  DCG=0.5407  drift=0.0000  len_ratio=1.0000
2026-02-28 16:55:29,150  INFO      qid=1114646  DCG=0.5280  drift=0.0000  len_ratio=1.0000
2026-02-28 16:56:08,981  INFO      qid=1114819  DCG=0.6125  drift=0.0000  len_ratio=1.0000
2026-02-28 16:56:51,406  INFO      qid=1115776  DCG=0.4225  drift=0.0000  len_ratio=1.0000
2026-02-28 16:57:29,831  INFO      qid=1117099  DCG=0.3893  drift=0.0000  len_ratio=1.0000
2026-02-28 16:58:10,915  INFO      qid=1121402  DCG=nan  drift=0.0000  len_ratio=0.0000
2026-02-28 16:58:54,304  INFO      qid=1121709  DCG=0.4114  drift=0.0000  len_ratio=1.0000
2026-02-28 16:59:39,425  INFO      qid=1124210  DCG=0.3688  drift=0.0000  len_ratio=1.0000
2026-02-28 17:00:15,787  INFO      qid=1129237  DCG=0.7028  drift=0.0000  len_ratio=1.0000
2026-02-28 17:00:55,590  INFO      qid=1133167  DCG=0.4864  drift=0.0000  len_ratio=1.0000
2026-02-28 17:00:58,622  INFO      R1-7b-sft-DCG — Acc=0.3846  AUC=0.8095
2026-02-28 17:00:59,106  INFO      Loading Rank-R1 model: 14b-sft (ielabgroup/Setwise-SFT-14B-v0.1)
2026-02-28 17:03:01,783  INFO      qid=19335  DCG=0.3628  drift=0.0000  len_ratio=1.0000
2026-02-28 17:04:31,782  INFO      qid=47923  DCG=0.4697  drift=0.0015  len_ratio=1.0000
2026-02-28 17:06:09,125  INFO      qid=87181  DCG=0.5803  drift=0.0000  len_ratio=1.0000
2026-02-28 17:07:37,371  INFO      qid=87452  DCG=0.4519  drift=0.0000  len_ratio=1.0000
2026-02-28 17:09:14,761  INFO      qid=104861  DCG=0.6436  drift=0.0000  len_ratio=1.0000
2026-02-28 17:10:36,217  INFO      qid=130510  DCG=0.5465  drift=0.0000  len_ratio=1.0000
2026-02-28 17:12:03,931  INFO      qid=131843  DCG=0.5465  drift=0.0016  len_ratio=1.0000
2026-02-28 17:13:28,942  INFO      qid=146187  DCG=0.4252  drift=0.0000  len_ratio=1.0000
2026-02-28 17:15:38,358  INFO      qid=148538  DCG=0.4311  drift=0.0000  len_ratio=1.0000
2026-02-28 17:17:47,892  INFO      qid=156493  DCG=0.6131  drift=0.0000  len_ratio=1.0000
2026-02-28 17:19:25,990  INFO      qid=168216  DCG=0.4425  drift=0.0000  len_ratio=1.0000
2026-02-28 17:20:55,674  INFO      qid=182539  DCG=0.4521  drift=0.0000  len_ratio=1.0000
2026-02-28 17:23:24,155  INFO      qid=183378  DCG=0.6278  drift=0.0000  len_ratio=1.0000
2026-02-28 17:25:01,675  INFO      qid=207786  DCG=0.4093  drift=0.0000  len_ratio=1.0000
2026-02-28 17:26:52,753  INFO      qid=264014  DCG=0.3628  drift=0.0000  len_ratio=1.0000
2026-02-28 17:29:13,207  INFO      qid=359349  DCG=0.3674  drift=0.0000  len_ratio=1.0000
2026-02-28 17:30:36,164  INFO      qid=405717  DCG=0.5534  drift=0.0000  len_ratio=1.0000
2026-02-28 17:32:24,431  INFO      qid=443396  DCG=0.5352  drift=0.0013  len_ratio=1.0000
2026-02-28 17:33:41,847  INFO      qid=451602  DCG=0.3984  drift=0.0035  len_ratio=1.0000
2026-02-28 17:35:28,308  INFO      qid=489204  DCG=0.5417  drift=0.0000  len_ratio=1.0000
2026-02-28 17:37:02,576  INFO      qid=490595  DCG=0.4770  drift=0.0000  len_ratio=1.0000
2026-02-28 17:38:48,547  INFO      qid=527433  DCG=0.5701  drift=0.0000  len_ratio=1.0000
2026-02-28 17:40:15,909  INFO      qid=573724  DCG=0.3569  drift=0.0000  len_ratio=1.0000
2026-02-28 17:42:04,563  INFO      qid=833860  DCG=0.5210  drift=0.0000  len_ratio=1.0000
2026-02-28 17:43:11,827  INFO      qid=855410  DCG=0.5336  drift=0.0000  len_ratio=1.0000
2026-02-28 17:44:43,805  INFO      qid=915593  DCG=0.4519  drift=0.0000  len_ratio=1.0000
2026-02-28 17:46:07,080  INFO      qid=962179  DCG=0.4349  drift=0.0000  len_ratio=1.0000
2026-02-28 17:47:38,184  INFO      qid=1037798  DCG=0.5669  drift=0.0000  len_ratio=1.0000
2026-02-28 17:48:59,947  INFO      qid=1063750  DCG=0.3812  drift=0.0000  len_ratio=1.0000
2026-02-28 17:50:38,793  INFO      qid=1103812  DCG=0.4363  drift=0.0000  len_ratio=1.0000
2026-02-28 17:52:14,727  INFO      qid=1106007  DCG=0.4690  drift=0.0015  len_ratio=1.0000
2026-02-28 17:54:07,736  INFO      qid=1110199  DCG=0.6247  drift=0.0000  len_ratio=1.0000
2026-02-28 17:55:52,335  INFO      qid=1112341  DCG=0.3916  drift=0.0000  len_ratio=1.0000
2026-02-28 17:57:32,469  INFO      qid=1113437  DCG=0.5942  drift=0.0000  len_ratio=1.0000
2026-02-28 17:58:57,582  INFO      qid=1114646  DCG=0.5229  drift=0.0000  len_ratio=1.0000
2026-02-28 18:00:24,395  INFO      qid=1114819  DCG=0.6472  drift=0.0000  len_ratio=1.0000
2026-02-28 18:02:13,803  INFO      qid=1115776  DCG=0.3793  drift=0.0000  len_ratio=1.0000
2026-02-28 18:03:47,334  INFO      qid=1117099  DCG=0.4661  drift=0.0000  len_ratio=1.0000
2026-02-28 18:05:27,892  INFO      qid=1121402  DCG=nan  drift=0.0000  len_ratio=0.0000
2026-02-28 18:06:57,773  INFO      qid=1121709  DCG=0.3869  drift=0.0000  len_ratio=1.0000
2026-02-28 18:08:31,871  INFO      qid=1124210  DCG=0.3580  drift=0.0000  len_ratio=1.0000
2026-02-28 18:10:00,820  INFO      qid=1129237  DCG=0.4254  drift=0.0000  len_ratio=1.0000
2026-02-28 18:12:28,678  INFO      qid=1133167  DCG=0.5014  drift=0.0000  len_ratio=1.0000
2026-02-28 18:12:31,665  INFO      R1-14b-sft-DCG — Acc=0.4615  AUC=0.7917
2026-02-28 18:12:32,020  INFO      All setwise methods complete.
