2026-02-28 18:14:19,504  INFO      Log file: /mnt/primary/QE audit/rankllm/results/logs/run_sc_20260228_181419.log
2026-02-28 18:14:19,511  INFO      Initialising Pairwise-72B API reranker for SC (R=5, temp=0.7)...
2026-02-28 18:15:28,239  INFO      qid=19335  Pairwise-72B  SC-Mean=0.3770  SC-SNR=0.0000  DR=0.3770
2026-02-28 18:16:30,289  INFO      qid=47923  Pairwise-72B  SC-Mean=0.3333  SC-SNR=0.0000  DR=0.3333
2026-02-28 18:17:42,358  INFO      qid=87181  Pairwise-72B  SC-Mean=0.5678  SC-SNR=46.3849  DR=0.5609
2026-02-28 18:18:45,644  INFO      qid=87452  Pairwise-72B  SC-Mean=0.5320  SC-SNR=47.6542  DR=0.5261
2026-02-28 18:19:52,600  INFO      qid=104861  Pairwise-72B  SC-Mean=0.5896  SC-SNR=23.9271  DR=0.5752
2026-02-28 18:20:54,266  INFO      qid=130510  Pairwise-72B  SC-Mean=0.6145  SC-SNR=276.1394  DR=0.6131
2026-02-28 18:22:01,465  INFO      qid=131843  Pairwise-72B  SC-Mean=0.5440  SC-SNR=107.2178  DR=0.5413
2026-02-28 18:23:04,053  INFO      qid=146187  Pairwise-72B  SC-Mean=0.4412  SC-SNR=99.7426  DR=0.4392
2026-02-28 18:24:06,403  INFO      qid=148538  Pairwise-72B  SC-Mean=0.4467  SC-SNR=0.0000  DR=0.4467
2026-02-28 18:25:12,984  INFO      qid=156493  Pairwise-72B  SC-Mean=0.6038  SC-SNR=11.5117  DR=0.5730
2026-02-28 18:26:17,184  INFO      qid=168216  Pairwise-72B  SC-Mean=0.4086  SC-SNR=40.1105  DR=0.4045
2026-02-28 18:27:19,382  INFO      qid=182539  Pairwise-72B  SC-Mean=0.5640  SC-SNR=0.0000  DR=0.5640
2026-02-28 18:28:21,359  INFO      qid=183378  Pairwise-72B  SC-Mean=0.5563  SC-SNR=121.7971  DR=0.5538
2026-02-28 18:29:24,354  INFO      qid=207786  Pairwise-72B  SC-Mean=0.4894  SC-SNR=24.8239  DR=0.4798
2026-02-28 18:30:34,216  INFO      qid=264014  Pairwise-72B  SC-Mean=0.6097  SC-SNR=96.5417  DR=0.6059
2026-02-28 18:31:44,083  INFO      qid=359349  Pairwise-72B  SC-Mean=0.5789  SC-SNR=23.9724  DR=0.5651
2026-02-28 18:32:53,327  INFO      qid=405717  Pairwise-72B  SC-Mean=0.5815  SC-SNR=56.1159  DR=0.5755
2026-02-28 18:33:55,399  INFO      qid=443396  Pairwise-72B  SC-Mean=0.5471  SC-SNR=60.4332  DR=0.5422
2026-02-28 18:34:56,039  INFO      qid=451602  Pairwise-72B  SC-Mean=0.5024  SC-SNR=30.3738  DR=0.4942
2026-02-28 18:35:57,692  INFO      qid=489204  Pairwise-72B  SC-Mean=0.5091  SC-SNR=0.0000  DR=0.5091
2026-02-28 18:36:55,394  INFO      qid=490595  Pairwise-72B  SC-Mean=0.5407  SC-SNR=42.8503  DR=0.5340
2026-02-28 18:37:58,301  INFO      qid=527433  Pairwise-72B  SC-Mean=0.5767  SC-SNR=56.6560  DR=0.5709
2026-02-28 18:39:04,404  INFO      qid=573724  Pairwise-72B  SC-Mean=0.6253  SC-SNR=49.3553  DR=0.6174
2026-02-28 18:40:21,260  INFO      qid=833860  Pairwise-72B  SC-Mean=0.4727  SC-SNR=6.9332  DR=0.4416
2026-02-28 18:41:23,956  INFO      qid=855410  Pairwise-72B  SC-Mean=0.5492  SC-SNR=52.9013  DR=0.5435
2026-02-28 18:42:32,831  INFO      qid=915593  Pairwise-72B  SC-Mean=0.4564  SC-SNR=45.8067  DR=0.4519
2026-02-28 18:43:32,739  INFO      qid=962179  Pairwise-72B  SC-Mean=0.4547  SC-SNR=77.0818  DR=0.4520
2026-02-28 18:44:40,662  INFO      qid=1037798  Pairwise-72B  SC-Mean=0.5988  SC-SNR=0.0000  DR=0.5988
2026-02-28 18:45:52,740  INFO      qid=1063750  Pairwise-72B  SC-Mean=0.4197  SC-SNR=0.0000  DR=0.4197
2026-02-28 18:47:08,631  INFO      qid=1103812  Pairwise-72B  SC-Mean=0.3230  SC-SNR=0.0000  DR=0.3230
2026-02-28 18:48:08,739  INFO      qid=1106007  Pairwise-72B  SC-Mean=0.5689  SC-SNR=0.0000  DR=0.5689
2026-02-28 18:49:21,617  INFO      qid=1110199  Pairwise-72B  SC-Mean=0.6302  SC-SNR=23.6695  DR=0.6136
2026-02-28 18:50:25,819  INFO      qid=1112341  Pairwise-72B  SC-Mean=0.3349  SC-SNR=224.9090  DR=0.3344
2026-02-28 18:51:42,986  INFO      qid=1113437  Pairwise-72B  SC-Mean=0.4388  SC-SNR=5.2742  DR=0.4038
2026-02-28 18:52:53,732  INFO      qid=1114646  Pairwise-72B  SC-Mean=0.6343  SC-SNR=23.7086  DR=0.6175
2026-02-28 18:54:07,243  INFO      qid=1114819  Pairwise-72B  SC-Mean=0.5880  SC-SNR=23.3186  DR=0.5734
2026-02-28 18:55:07,981  INFO      qid=1115776  Pairwise-72B  SC-Mean=0.4846  SC-SNR=36.7255  DR=0.4782
2026-02-28 18:56:21,676  INFO      qid=1117099  Pairwise-72B  SC-Mean=0.3751  SC-SNR=124.3295  DR=0.3739
2026-02-28 18:57:36,389  INFO      qid=1121402  Pairwise-72B  SC-Mean=nan  SC-SNR=nan  DR=nan
2026-02-28 18:58:51,279  INFO      qid=1121709  Pairwise-72B  SC-Mean=0.5268  SC-SNR=0.0000  DR=0.5268
2026-02-28 18:59:58,596  INFO      qid=1124210  Pairwise-72B  SC-Mean=0.3852  SC-SNR=0.0000  DR=0.3852
2026-02-28 19:01:20,853  INFO      qid=1129237  Pairwise-72B  SC-Mean=0.6955  SC-SNR=189.7987  DR=0.6930
2026-02-28 19:02:42,028  INFO      qid=1133167  Pairwise-72B  SC-Mean=0.6304  SC-SNR=27.9250  DR=0.6163
2026-02-28 19:02:45,225  INFO      SC-Mean-Pairwise-72B — Acc=0.4231  AUC=0.7798
2026-02-28 19:02:48,199  INFO      SC-SNR-Pairwise-72B — Acc=0.4615  AUC=0.4345
2026-02-28 19:02:50,934  INFO      SC-DR-Pairwise-72B — Acc=0.4231  AUC=0.7798
2026-02-28 19:02:50,934  INFO      Pairwise-72B SC methods complete.
2026-02-28 19:02:50,934  INFO      Initialising Setwise-72B API reranker for SC (R=5, temp=0.7)...
2026-02-28 19:03:21,364  INFO      qid=19335  Setwise-72B  SC-Mean=0.3957  SC-SNR=74.1133  DR=0.3936
2026-02-28 19:03:51,869  INFO      qid=47923  Setwise-72B  SC-Mean=0.4697  SC-SNR=8460840210054806.0000  DR=0.4697
2026-02-28 19:04:21,409  INFO      qid=87181  Setwise-72B  SC-Mean=0.5814  SC-SNR=0.0000  DR=0.5814
2026-02-28 19:04:51,987  INFO      qid=87452  Setwise-72B  SC-Mean=0.5266  SC-SNR=32.9939  DR=0.5183
2026-02-28 19:05:23,180  INFO      qid=104861  Setwise-72B  SC-Mean=0.3899  SC-SNR=0.0000  DR=0.3899
2026-02-28 19:05:52,719  INFO      qid=130510  Setwise-72B  SC-Mean=0.6129  SC-SNR=184.4191  DR=0.6108
2026-02-28 19:06:29,088  INFO      qid=131843  Setwise-72B  SC-Mean=0.5465  SC-SNR=0.0000  DR=0.5465
2026-02-28 19:07:02,988  INFO      qid=146187  Setwise-72B  SC-Mean=0.4547  SC-SNR=29.7037  DR=0.4478
2026-02-28 19:07:38,093  INFO      qid=148538  Setwise-72B  SC-Mean=0.4668  SC-SNR=7.6396  DR=0.4391
2026-02-28 19:08:07,958  INFO      qid=156493  Setwise-72B  SC-Mean=0.5372  SC-SNR=0.0000  DR=0.5372
2026-02-28 19:08:38,653  INFO      qid=168216  Setwise-72B  SC-Mean=0.4949  SC-SNR=0.0000  DR=0.4949
2026-02-28 19:09:08,331  INFO      qid=182539  Setwise-72B  SC-Mean=0.5372  SC-SNR=0.0000  DR=0.5372
2026-02-28 19:09:38,970  INFO      qid=183378  Setwise-72B  SC-Mean=0.5013  SC-SNR=98.7075  DR=0.4988
2026-02-28 19:10:09,299  INFO      qid=207786  Setwise-72B  SC-Mean=0.4909  SC-SNR=0.0000  DR=0.4909
2026-02-28 19:10:41,731  INFO      qid=264014  Setwise-72B  SC-Mean=0.4738  SC-SNR=368.5861  DR=0.4732
2026-02-28 19:11:15,067  INFO      qid=359349  Setwise-72B  SC-Mean=0.5483  SC-SNR=128.5581  DR=0.5460
2026-02-28 19:11:48,319  INFO      qid=405717  Setwise-72B  SC-Mean=0.6054  SC-SNR=40.8544  DR=0.5965
2026-02-28 19:12:17,377  INFO      qid=443396  Setwise-72B  SC-Mean=0.5014  SC-SNR=103.9267  DR=0.4990
2026-02-28 19:12:50,072  INFO      qid=451602  Setwise-72B  SC-Mean=0.4058  SC-SNR=7.1656  DR=0.3834
2026-02-28 19:13:20,426  INFO      qid=489204  Setwise-72B  SC-Mean=0.4742  SC-SNR=140.8797  DR=0.4726
2026-02-28 19:13:54,204  INFO      qid=490595  Setwise-72B  SC-Mean=0.5223  SC-SNR=8.2170  DR=0.4902
2026-02-28 19:14:28,391  INFO      qid=527433  Setwise-72B  SC-Mean=0.5308  SC-SNR=19.1218  DR=0.5162
2026-02-28 19:14:59,682  INFO      qid=573724  Setwise-72B  SC-Mean=0.4352  SC-SNR=14.5296  DR=0.4223
2026-02-28 19:15:31,928  INFO      qid=833860  Setwise-72B  SC-Mean=0.4867  SC-SNR=84.7078  DR=0.4840
2026-02-28 19:16:01,709  INFO      qid=855410  Setwise-72B  SC-Mean=0.5575  SC-SNR=0.0000  DR=0.5575
2026-02-28 19:16:32,086  INFO      qid=915593  Setwise-72B  SC-Mean=0.4958  SC-SNR=129.4968  DR=0.4939
2026-02-28 19:17:04,055  INFO      qid=962179  Setwise-72B  SC-Mean=0.4583  SC-SNR=0.0000  DR=0.4583
2026-02-28 19:17:36,908  INFO      qid=1037798  Setwise-72B  SC-Mean=0.5527  SC-SNR=0.0000  DR=0.5527
2026-02-28 19:18:11,395  INFO      qid=1063750  Setwise-72B  SC-Mean=0.4124  SC-SNR=7429145121796003.0000  DR=0.4124
2026-02-28 19:18:47,744  INFO      qid=1103812  Setwise-72B  SC-Mean=0.3851  SC-SNR=27.8754  DR=0.3798
2026-02-28 19:19:20,266  INFO      qid=1106007  Setwise-72B  SC-Mean=0.5306  SC-SNR=80.7128  DR=0.5271
2026-02-28 19:19:51,828  INFO      qid=1110199  Setwise-72B  SC-Mean=0.5910  SC-SNR=125.7202  DR=0.5883
2026-02-28 19:20:25,091  INFO      qid=1112341  Setwise-72B  SC-Mean=0.3137  SC-SNR=70.9336  DR=0.3123
2026-02-28 19:21:03,018  INFO      qid=1113437  Setwise-72B  SC-Mean=0.5884  SC-SNR=9.4357  DR=0.5528
2026-02-28 19:21:33,168  INFO      qid=1114646  Setwise-72B  SC-Mean=0.6187  SC-SNR=187.5117  DR=0.6167
2026-02-28 19:22:02,299  INFO      qid=1114819  Setwise-72B  SC-Mean=0.5662  SC-SNR=32.4839  DR=0.5564
2026-02-28 19:22:32,190  INFO      qid=1115776  Setwise-72B  SC-Mean=0.4721  SC-SNR=42.1636  DR=0.4669
2026-02-28 19:23:04,581  INFO      qid=1117099  Setwise-72B  SC-Mean=0.4249  SC-SNR=6.4812  DR=0.3980
2026-02-28 19:23:35,674  INFO      qid=1121402  Setwise-72B  SC-Mean=nan  SC-SNR=nan  DR=nan
2026-02-28 19:24:04,866  INFO      qid=1121709  Setwise-72B  SC-Mean=0.5372  SC-SNR=0.0000  DR=0.5372
2026-02-28 19:24:35,849  INFO      qid=1124210  Setwise-72B  SC-Mean=0.4271  SC-SNR=110.1309  DR=0.4254
2026-02-28 19:25:09,856  INFO      qid=1129237  Setwise-72B  SC-Mean=0.4759  SC-SNR=7.3001  DR=0.4458
2026-02-28 19:25:42,430  INFO      qid=1133167  Setwise-72B  SC-Mean=0.5496  SC-SNR=0.0000  DR=0.5496
2026-02-28 19:25:45,416  INFO      SC-Mean-Setwise-72B — Acc=0.3462  AUC=0.7381
2026-02-28 19:25:48,311  INFO      SC-SNR-Setwise-72B — Acc=0.4615  AUC=0.4732
2026-02-28 19:25:51,272  INFO      SC-DR-Setwise-72B — Acc=0.3077  AUC=0.7321
2026-02-28 19:25:51,272  INFO      Setwise-72B SC methods complete.
2026-02-28 19:25:51,272  INFO      All self-consistency methods complete.
